2021-08-05 15:52:05.031  INFO 20368 --- [restartedMain] com.cloud.note.NoteApplication           : Starting NoteApplication using Java 11.0.10 on BASENP19-203 with PID 20368 (C:\Users\BP-chenshengwei\Desktop\prc\note\target\classes started by BP-chenshengwei in C:\Users\BP-chenshengwei\Desktop\prc\note)
2021-08-05 15:52:05.032  INFO 20368 --- [restartedMain] com.cloud.note.NoteApplication           : No active profile set, falling back to default profiles: default
2021-08-05 15:52:05.336  INFO 20368 --- [restartedMain] o.s.b.w.embedded.tomcat.TomcatWebServer  : Tomcat initialized with port(s): 8080 (http)
2021-08-05 15:52:05.350  INFO 20368 --- [restartedMain] o.apache.catalina.core.StandardService   : Starting service [Tomcat]
2021-08-05 15:52:05.359  INFO 20368 --- [restartedMain] org.apache.catalina.core.StandardEngine  : Starting Servlet engine: [Apache Tomcat/9.0.48]
2021-08-05 15:52:05.399  INFO 20368 --- [restartedMain] o.a.c.c.C.[Tomcat].[localhost].[/]       : Initializing Spring embedded WebApplicationContext
2021-08-05 15:52:05.399  INFO 20368 --- [restartedMain] w.s.c.ServletWebServerApplicationContext : Root WebApplicationContext: initialization completed in 361 ms
2021-08-05 15:52:05.553  INFO 20368 --- [restartedMain] o.s.b.a.w.s.WelcomePageHandlerMapping    : Adding welcome page template: index
2021-08-05 15:52:05.582  INFO 20368 --- [restartedMain] o.s.b.d.a.OptionalLiveReloadServer       : LiveReload server is running on port 35729
2021-08-05 15:52:05.598  INFO 20368 --- [restartedMain] o.s.b.w.embedded.tomcat.TomcatWebServer  : Tomcat started on port(s): 8080 (http) with context path ''
2021-08-05 15:52:05.602  INFO 20368 --- [restartedMain] com.cloud.note.NoteApplication           : Started NoteApplication in 0.605 seconds (JVM running for 925.631)
2021-08-05 15:52:05.604  INFO 20368 --- [restartedMain] .ConditionEvaluationDeltaLoggingListener : Condition evaluation unchanged
2021-08-05 15:55:02.230  INFO 20368 --- [restartedMain] com.cloud.note.NoteApplication           : Starting NoteApplication using Java 11.0.10 on BASENP19-203 with PID 20368 (C:\Users\BP-chenshengwei\Desktop\prc\note\target\classes started by BP-chenshengwei in C:\Users\BP-chenshengwei\Desktop\prc\note)
2021-08-05 15:55:02.231  INFO 20368 --- [restartedMain] com.cloud.note.NoteApplication           : No active profile set, falling back to default profiles: default
2021-08-05 15:55:02.588  INFO 20368 --- [restartedMain] o.s.b.w.embedded.tomcat.TomcatWebServer  : Tomcat initialized with port(s): 8080 (http)
2021-08-05 15:55:02.591  INFO 20368 --- [restartedMain] o.apache.catalina.core.StandardService   : Starting service [Tomcat]
2021-08-05 15:55:02.592  INFO 20368 --- [restartedMain] org.apache.catalina.core.StandardEngine  : Starting Servlet engine: [Apache Tomcat/9.0.48]
2021-08-05 15:55:02.679  INFO 20368 --- [restartedMain] o.a.c.c.C.[Tomcat].[localhost].[/]       : Initializing Spring embedded WebApplicationContext
2021-08-05 15:55:02.681  INFO 20368 --- [restartedMain] w.s.c.ServletWebServerApplicationContext : Root WebApplicationContext: initialization completed in 444 ms
2021-08-05 15:55:02.832  INFO 20368 --- [restartedMain] o.s.b.a.w.s.WelcomePageHandlerMapping    : Adding welcome page template: index
2021-08-05 15:55:02.868  INFO 20368 --- [restartedMain] o.s.b.d.a.OptionalLiveReloadServer       : LiveReload server is running on port 35729
2021-08-05 15:55:02.886  INFO 20368 --- [restartedMain] o.s.b.w.embedded.tomcat.TomcatWebServer  : Tomcat started on port(s): 8080 (http) with context path ''
2021-08-05 15:55:02.890  INFO 20368 --- [restartedMain] com.cloud.note.NoteApplication           : Started NoteApplication in 0.7 seconds (JVM running for 1102.919)
2021-08-05 15:55:02.892  INFO 20368 --- [restartedMain] .ConditionEvaluationDeltaLoggingListener : Condition evaluation unchanged
2021-08-05 15:55:12.003  INFO 20368 --- [restartedMain] com.cloud.note.NoteApplication           : Starting NoteApplication using Java 11.0.10 on BASENP19-203 with PID 20368 (C:\Users\BP-chenshengwei\Desktop\prc\note\target\classes started by BP-chenshengwei in C:\Users\BP-chenshengwei\Desktop\prc\note)
2021-08-05 15:55:12.005  INFO 20368 --- [restartedMain] com.cloud.note.NoteApplication           : No active profile set, falling back to default profiles: default
2021-08-05 15:55:12.287  INFO 20368 --- [restartedMain] o.s.b.w.embedded.tomcat.TomcatWebServer  : Tomcat initialized with port(s): 8080 (http)
2021-08-05 15:55:12.289  INFO 20368 --- [restartedMain] o.apache.catalina.core.StandardService   : Starting service [Tomcat]
2021-08-05 15:55:12.289  INFO 20368 --- [restartedMain] org.apache.catalina.core.StandardEngine  : Starting Servlet engine: [Apache Tomcat/9.0.48]
2021-08-05 15:55:12.354  INFO 20368 --- [restartedMain] o.a.c.c.C.[Tomcat].[localhost].[/]       : Initializing Spring embedded WebApplicationContext
2021-08-05 15:55:12.355  INFO 20368 --- [restartedMain] w.s.c.ServletWebServerApplicationContext : Root WebApplicationContext: initialization completed in 344 ms
2021-08-05 15:55:12.465  INFO 20368 --- [restartedMain] o.s.b.a.w.s.WelcomePageHandlerMapping    : Adding welcome page template: index
2021-08-05 15:55:12.502  INFO 20368 --- [restartedMain] o.s.b.d.a.OptionalLiveReloadServer       : LiveReload server is running on port 35729
2021-08-05 15:55:12.515  INFO 20368 --- [restartedMain] o.s.b.w.embedded.tomcat.TomcatWebServer  : Tomcat started on port(s): 8080 (http) with context path ''
2021-08-05 15:55:12.519  INFO 20368 --- [restartedMain] com.cloud.note.NoteApplication           : Started NoteApplication in 0.551 seconds (JVM running for 1112.547)
2021-08-05 15:55:12.520  INFO 20368 --- [restartedMain] .ConditionEvaluationDeltaLoggingListener : Condition evaluation unchanged
2021-08-05 15:55:13.014  INFO 20368 --- [http-nio-8080-exec-1] o.a.c.c.C.[Tomcat].[localhost].[/]       : Initializing Spring DispatcherServlet 'dispatcherServlet'
2021-08-05 15:55:13.016  INFO 20368 --- [http-nio-8080-exec-1] o.s.web.servlet.DispatcherServlet        : Initializing Servlet 'dispatcherServlet'
2021-08-05 15:55:13.018  INFO 20368 --- [http-nio-8080-exec-1] o.s.web.servlet.DispatcherServlet        : Completed initialization in 1 ms
2021-08-05 15:55:13.921  INFO 20368 --- [http-nio-8080-exec-3] com.zaxxer.hikari.HikariDataSource       : HikariPool-2 - Starting...
2021-08-05 15:55:13.932  INFO 20368 --- [http-nio-8080-exec-3] com.zaxxer.hikari.HikariDataSource       : HikariPool-2 - Start completed.
2021-08-05 15:55:13.945  INFO 20368 --- [http-nio-8080-exec-3] c.cloud.note.contorller.UserContorller   : ユーザー:08044796764ログイン成功
2021-08-05 15:55:45.922  INFO 20368 --- [Thread-31] com.zaxxer.hikari.HikariDataSource       : HikariPool-2 - Shutdown initiated...
2021-08-05 15:55:45.925  INFO 20368 --- [Thread-31] com.zaxxer.hikari.HikariDataSource       : HikariPool-2 - Shutdown completed.
2021-08-05 15:55:46.027  INFO 20368 --- [restartedMain] com.cloud.note.NoteApplication           : Starting NoteApplication using Java 11.0.10 on BASENP19-203 with PID 20368 (C:\Users\BP-chenshengwei\Desktop\prc\note\target\classes started by BP-chenshengwei in C:\Users\BP-chenshengwei\Desktop\prc\note)
2021-08-05 15:55:46.027  INFO 20368 --- [restartedMain] com.cloud.note.NoteApplication           : No active profile set, falling back to default profiles: default
2021-08-05 15:55:46.287  INFO 20368 --- [restartedMain] o.s.b.w.embedded.tomcat.TomcatWebServer  : Tomcat initialized with port(s): 8080 (http)
2021-08-05 15:55:46.288  INFO 20368 --- [restartedMain] o.apache.catalina.core.StandardService   : Starting service [Tomcat]
2021-08-05 15:55:46.288  INFO 20368 --- [restartedMain] org.apache.catalina.core.StandardEngine  : Starting Servlet engine: [Apache Tomcat/9.0.48]
2021-08-05 15:55:46.342  INFO 20368 --- [restartedMain] o.a.c.c.C.[Tomcat].[localhost].[/]       : Initializing Spring embedded WebApplicationContext
2021-08-05 15:55:46.343  INFO 20368 --- [restartedMain] w.s.c.ServletWebServerApplicationContext : Root WebApplicationContext: initialization completed in 311 ms
2021-08-05 15:55:46.447  INFO 20368 --- [restartedMain] o.s.b.a.w.s.WelcomePageHandlerMapping    : Adding welcome page template: index
2021-08-05 15:55:46.489  INFO 20368 --- [restartedMain] o.s.b.d.a.OptionalLiveReloadServer       : LiveReload server is running on port 35729
2021-08-05 15:55:46.507  INFO 20368 --- [restartedMain] o.s.b.w.embedded.tomcat.TomcatWebServer  : Tomcat started on port(s): 8080 (http) with context path ''
2021-08-05 15:55:46.510  INFO 20368 --- [restartedMain] com.cloud.note.NoteApplication           : Started NoteApplication in 0.53 seconds (JVM running for 1146.539)
2021-08-05 15:55:46.512  INFO 20368 --- [restartedMain] .ConditionEvaluationDeltaLoggingListener : Condition evaluation unchanged
2021-08-05 15:55:48.988  INFO 20368 --- [http-nio-8080-exec-1] o.a.c.c.C.[Tomcat].[localhost].[/]       : Initializing Spring DispatcherServlet 'dispatcherServlet'
2021-08-05 15:55:48.989  INFO 20368 --- [http-nio-8080-exec-1] o.s.web.servlet.DispatcherServlet        : Initializing Servlet 'dispatcherServlet'
2021-08-05 15:55:48.991  INFO 20368 --- [http-nio-8080-exec-1] o.s.web.servlet.DispatcherServlet        : Completed initialization in 0 ms
2021-08-05 15:55:50.911  INFO 20368 --- [http-nio-8080-exec-4] com.zaxxer.hikari.HikariDataSource       : HikariPool-3 - Starting...
2021-08-05 15:55:50.921  INFO 20368 --- [http-nio-8080-exec-4] com.zaxxer.hikari.HikariDataSource       : HikariPool-3 - Start completed.
2021-08-05 15:55:50.933  INFO 20368 --- [http-nio-8080-exec-4] c.cloud.note.contorller.UserContorller   : ユーザー:08044796764ログイン成功
2021-08-05 15:57:01.132  INFO 20368 --- [Thread-35] com.zaxxer.hikari.HikariDataSource       : HikariPool-3 - Shutdown initiated...
2021-08-05 15:57:01.138  INFO 20368 --- [Thread-35] com.zaxxer.hikari.HikariDataSource       : HikariPool-3 - Shutdown completed.
